<?xml version="1.0" encoding="UTF-8"?>
<testsuite xmlns:xsi="http://www.w3.org/2001/XMLSchema-instance" xsi:noNamespaceSchemaLocation="https://maven.apache.org/surefire/maven-surefire-plugin/xsd/surefire-test-report.xsd" version="3.0.2" name="com.example.MiniProject1.OrderServiceTest" time="0.081" tests="12" errors="0" skipped="0" failures="0">
  <properties>
[...]
</properties>
  <testcase name="testGetOrders_EmptyList" classname="com.example.MiniProject1.OrderServiceTest" time="0.049"/>
  <testcase name="testGetOrderById_InvalidId" classname="com.example.MiniProject1.OrderServiceTest" time="0.002"/>
  <testcase name="testDeleteOrderById_NotFound" classname="com.example.MiniProject1.OrderServiceTest" time="0.002"/>
  <testcase name="testAddOrder_EmptyOrder" classname="com.example.MiniProject1.OrderServiceTest" time="0.002"/>
  <testcase name="testDeleteOrderById_InvalidId" classname="com.example.MiniProject1.OrderServiceTest" time="0.003"/>
  <testcase name="testGetOrderById_NotFound" classname="com.example.MiniProject1.OrderServiceTest" time="0.002"/>
  <testcase name="testAddOrder" classname="com.example.MiniProject1.OrderServiceTest" time="0.004"/>
  <testcase name="testAddOrder_NullOrder" classname="com.example.MiniProject1.OrderServiceTest" time="0.004"/>
  <testcase name="testDeleteOrderById" classname="com.example.MiniProject1.OrderServiceTest" time="0.003"/>
  <testcase name="testGetOrderById" classname="com.example.MiniProject1.OrderServiceTest" time="0.001"/>
  <testcase name="testGetOrders" classname="com.example.MiniProject1.OrderServiceTest" time="0.001"/>
  <testcase name="testGetOrders_NullResponse" classname="com.example.MiniProject1.OrderServiceTest" time="0.002"/>
</testsuite>